<?xml version="1.0" encoding="UTF-8"?>
<testsuite xmlns:xsi="http://www.w3.org/2001/XMLSchema-instance" xsi:noNamespaceSchemaLocation="https://maven.apache.org/surefire/maven-surefire-plugin/xsd/surefire-test-report.xsd" name="org.example.CalcTest" time="0.019" tests="1" errors="0" skipped="0" failures="0">
  <properties>
    <property name="java.specification.version" value="17"/>
    <property name="sun.cpu.isalist" value="amd64"/>
    <property name="sun.jnu.encoding" value="GBK"/>
    <property name="java.class.path" value="D:\document\java\tutorial4\target\test-classes;D:\document\java\tutorial4\target\classes;D:\maven\org\junit\jupiter\junit-jupiter-engine\5.4.0\junit-jupiter-engine-5.4.0.jar;D:\maven\org\apiguardian\apiguardian-api\1.0.0\apiguardian-api-1.0.0.jar;D:\maven\org\junit\platform\junit-platform-engine\1.4.0\junit-platform-engine-1.4.0.jar;D:\maven\org\opentest4j\opentest4j\1.1.1\opentest4j-1.1.1.jar;D:\maven\org\junit\platform\junit-platform-commons\1.4.0\junit-platform-commons-1.4.0.jar;D:\maven\org\junit\jupiter\junit-jupiter-api\5.4.0\junit-jupiter-api-5.4.0.jar;D:\maven\org\junit\jupiter\junit-jupiter\5.11.0\junit-jupiter-5.11.0.jar;D:\maven\org\junit\jupiter\junit-jupiter-params\5.11.0\junit-jupiter-params-5.11.0.jar;"/>
    <property name="java.vm.vendor" value="Oracle Corporation"/>
    <property name="sun.arch.data.model" value="64"/>
    <property name="user.variant" value=""/>
    <property name="java.vendor.url" value="https://java.oracle.com/"/>
    <property name="user.timezone" value="Asia/Shanghai"/>
    <property name="os.name" value="Windows 11"/>
    <property name="java.vm.specification.version" value="17"/>
    <property name="sun.java.launcher" value="SUN_STANDARD"/>
    <property name="user.country" value="CN"/>
    <property name="sun.boot.library.path" value="D:\jdk\bin"/>
    <property name="sun.java.command" value="C:\Users\86138\AppData\Local\Temp\surefire3723212257342358639\surefirebooter14343464853105335627.jar C:\Users\86138\AppData\Local\Temp\surefire3723212257342358639 2024-09-25T15-47-15_206-jvmRun1 surefire2119584308926764020tmp surefire_08416567627468223645tmp"/>
    <property name="jdk.debug" value="release"/>
    <property name="surefire.test.class.path" value="D:\document\java\tutorial4\target\test-classes;D:\document\java\tutorial4\target\classes;D:\maven\org\junit\jupiter\junit-jupiter-engine\5.4.0\junit-jupiter-engine-5.4.0.jar;D:\maven\org\apiguardian\apiguardian-api\1.0.0\apiguardian-api-1.0.0.jar;D:\maven\org\junit\platform\junit-platform-engine\1.4.0\junit-platform-engine-1.4.0.jar;D:\maven\org\opentest4j\opentest4j\1.1.1\opentest4j-1.1.1.jar;D:\maven\org\junit\platform\junit-platform-commons\1.4.0\junit-platform-commons-1.4.0.jar;D:\maven\org\junit\jupiter\junit-jupiter-api\5.4.0\junit-jupiter-api-5.4.0.jar;D:\maven\org\junit\jupiter\junit-jupiter\5.11.0\junit-jupiter-5.11.0.jar;D:\maven\org\junit\jupiter\junit-jupiter-params\5.11.0\junit-jupiter-params-5.11.0.jar;"/>
    <property name="sun.cpu.endian" value="little"/>
    <property name="user.home" value="C:\Users\86138"/>
    <property name="user.language" value="zh"/>
    <property name="java.specification.vendor" value="Oracle Corporation"/>
    <property name="java.version.date" value="2024-07-16"/>
    <property name="java.home" value="D:\jdk"/>
    <property name="file.separator" value="\"/>
    <property name="basedir" value="D:\document\java\tutorial4"/>
    <property name="java.vm.compressedOopsMode" value="Zero based"/>
    <property name="line.separator" value="&#10;"/>
    <property name="java.vm.specification.vendor" value="Oracle Corporation"/>
    <property name="java.specification.name" value="Java Platform API Specification"/>
    <property name="surefire.real.class.path" value="C:\Users\86138\AppData\Local\Temp\surefire3723212257342358639\surefirebooter14343464853105335627.jar"/>
    <property name="user.script" value=""/>
    <property name="sun.management.compiler" value="HotSpot 64-Bit Tiered Compilers"/>
    <property name="java.runtime.version" value="17.0.12+8-LTS-286"/>
    <property name="user.name" value="86138"/>
    <property name="path.separator" value=";"/>
    <property name="os.version" value="10.0"/>
    <property name="java.runtime.name" value="Java(TM) SE Runtime Environment"/>
    <property name="file.encoding" value="GBK"/>
    <property name="java.vm.name" value="Java HotSpot(TM) 64-Bit Server VM"/>
    <property name="localRepository" value="D:\maven"/>
    <property name="java.vendor.url.bug" value="https://bugreport.java.com/bugreport/"/>
    <property name="java.io.tmpdir" value="C:\Users\86138\AppData\Local\Temp\"/>
    <property name="java.version" value="17.0.12"/>
    <property name="user.dir" value="D:\document\java\tutorial4"/>
    <property name="os.arch" value="amd64"/>
    <property name="java.vm.specification.name" value="Java Virtual Machine Specification"/>
    <property name="sun.os.patch.level" value=""/>
    <property name="native.encoding" value="GBK"/>
    <property name="java.library.path" value="D:\jdk\bin;C:\Windows\Sun\Java\bin;C:\Windows\system32;C:\Windows;C:\Windows\system3;C:\Window;C:\Windows\System32\Wbe;C:\Windows\System32\WindowsPowerShell\v1.0;C:\Program Files (x86)\NVIDIA Corporation\PhysX\Common;D:\maven\apache-maven-3.9.9-bin\apache-maven-3.9.9\bin;C:\Users\86138\AppData\Local\Programs\Microsoft VS Code\bin;D:\jdk\bin;D:\jdk\jre\bin;D:\git\Git\bin;C:\MinGW\mingw64\bin;C:\Program Files\JetBrains\PyCharm 2024.1.4\bin;C:\Users\86138\AppData\Local\Programs\Python\Python312\Scripts\;C:\Users\86138\AppData\Local\Programs\Python\Python312\;C:\Users\86138\AppData\Local\Microsoft\WindowsApps;C:\Users\86138\AppData\Local\Programs\Microsoft VS Code\bin;D:\JAVA\IntelliJ IDEA 2024.2.1\bin;;D:\IDEA\IntelliJ IDEA Community Edition 2023.3.4\bin;;C:\Program Files\JetBrains\PyCharm 2024.1.4\bin;;D:\maven\apache-maven-3.9.9-bin\apache-maven-3.9.9\bin;;."/>
    <property name="java.vm.info" value="mixed mode, sharing"/>
    <property name="java.vendor" value="Oracle Corporation"/>
    <property name="java.vm.version" value="17.0.12+8-LTS-286"/>
    <property name="sun.io.unicode.encoding" value="UnicodeLittle"/>
    <property name="java.class.version" value="61.0"/>
  </properties>
  <testcase name="testAddition" classname="org.example.CalcTest" time="0.016"/>
</testsuite>